# JRE version: Java(TM) SE Runtime Environment (8.0_181-b13) (build 1.8.0_181-b13)
# Java VM: Java HotSpot(TM) 64-Bit Server VM (25.181-b13 mixed mode windows-amd64 compressed oops)
Heap:
 PSYoungGen      total 225792K, used 94206K [0x000000076b100000, 0x0000000779a00000, 0x00000007c0000000)
  eden space 214016K, 39% used [0x000000076b100000,0x0000000770444330,0x0000000778200000)
  from space 11776K, 75% used [0x0000000778e80000,0x000000077973b580,0x0000000779a00000)
  to   space 12288K, 0% used [0x0000000778200000,0x0000000778200000,0x0000000778e00000)
 ParOldGen       total 150528K, used 16130K [0x00000006c1200000, 0x00000006ca500000, 0x000000076b100000)
  object space 150528K, 10% used [0x00000006c1200000,0x00000006c21c0ad8,0x00000006ca500000)
 Metaspace       used 40802K, capacity 42406K, committed 42752K, reserved 1085440K
  class space    used 5462K, capacity 5765K, committed 5888K, reserved 1048576K
GC Heap History (10 events):
Event: 9.224 GC heap before
{Heap before GC invocations=8 (full 1):
 PSYoungGen      total 109568K, used 109239K [0x000000076b100000, 0x0000000773e00000, 0x00000007c0000000)
  eden space 105472K, 100% used [0x000000076b100000,0x0000000771800000,0x0000000771800000)
  from space 4096K, 91% used [0x0000000773a00000,0x0000000773dadd68,0x0000000773e00000)
  to   space 9728K, 0% used [0x0000000772b00000,0x0000000772b00000,0x0000000773480000)
 ParOldGen       total 95232K, used 6779K [0x00000006c1200000, 0x00000006c6f00000, 0x000000076b100000)
  object space 95232K, 7% used [0x00000006c1200000,0x00000006c189ed38,0x00000006c6f00000)
 Metaspace       used 27578K, capacity 28572K, committed 28928K, reserved 1075200K
  class space    used 3532K, capacity 3760K, committed 3840K, reserved 1048576K
Event: 9.231 GC heap after
Heap after GC invocations=8 (full 1):
 PSYoungGen      total 134656K, used 6908K [0x000000076b100000, 0x0000000776480000, 0x00000007c0000000)
  eden space 124928K, 0% used [0x000000076b100000,0x000000076b100000,0x0000000772b00000)
  from space 9728K, 71% used [0x0000000772b00000,0x00000007731bf090,0x0000000773480000)
  to   space 9728K, 0% used [0x0000000775b00000,0x0000000775b00000,0x0000000776480000)
 ParOldGen       total 95232K, used 6787K [0x00000006c1200000, 0x00000006c6f00000, 0x000000076b100000)
  object space 95232K, 7% used [0x00000006c1200000,0x00000006c18a0d38,0x00000006c6f00000)
 Metaspace       used 27578K, capacity 28572K, committed 28928K, reserved 1075200K
  class space    used 3532K, capacity 3760K, committed 3840K, reserved 1048576K
}
Event: 10.082 GC heap before
{Heap before GC invocations=9 (full 1):
 PSYoungGen      total 134656K, used 131836K [0x000000076b100000, 0x0000000776480000, 0x00000007c0000000)
  eden space 124928K, 100% used [0x000000076b100000,0x0000000772b00000,0x0000000772b00000)
  from space 9728K, 71% used [0x0000000772b00000,0x00000007731bf090,0x0000000773480000)
  to   space 9728K, 0% used [0x0000000775b00000,0x0000000775b00000,0x0000000776480000)
 ParOldGen       total 95232K, used 6787K [0x00000006c1200000, 0x00000006c6f00000, 0x000000076b100000)
  object space 95232K, 7% used [0x00000006c1200000,0x00000006c18a0d38,0x00000006c6f00000)
 Metaspace       used 29738K, capacity 30938K, committed 31232K, reserved 1077248K
  class space    used 3799K, capacity 4053K, committed 4096K, reserved 1048576K
Event: 10.089 GC heap after
Heap after GC invocations=9 (full 1):
 PSYoungGen      total 173568K, used 8987K [0x000000076b100000, 0x0000000778180000, 0x00000007c0000000)
  eden space 163840K, 0% used [0x000000076b100000,0x000000076b100000,0x0000000775100000)
  from space 9728K, 92% used [0x0000000775b00000,0x00000007763c6f10,0x0000000776480000)
  to   space 10240K, 0% used [0x0000000775100000,0x0000000775100000,0x0000000775b00000)
 ParOldGen       total 95232K, used 6795K [0x00000006c1200000, 0x00000006c6f00000, 0x000000076b100000)
  object space 95232K, 7% used [0x00000006c1200000,0x00000006c18a2d38,0x00000006c6f00000)
 Metaspace       used 29738K, capacity 30938K, committed 31232K, reserved 1077248K
  class space    used 3799K, capacity 4053K, committed 4096K, reserved 1048576K
}
Event: 11.533 GC heap before
{Heap before GC invocations=10 (full 1):
 PSYoungGen      total 173568K, used 115730K [0x000000076b100000, 0x0000000778180000, 0x00000007c0000000)
  eden space 163840K, 65% used [0x000000076b100000,0x000000077193d8f0,0x0000000775100000)
  from space 9728K, 92% used [0x0000000775b00000,0x00000007763c6f10,0x0000000776480000)
  to   space 10240K, 0% used [0x0000000775100000,0x0000000775100000,0x0000000775b00000)
 ParOldGen       total 95232K, used 6795K [0x00000006c1200000, 0x00000006c6f00000, 0x000000076b100000)
  object space 95232K, 7% used [0x00000006c1200000,0x00000006c18a2d38,0x00000006c6f00000)
 Metaspace       used 33834K, capacity 35268K, committed 35416K, reserved 1079296K
  class space    used 4477K, capacity 4754K, committed 4864K, reserved 1048576K
Event: 11.541 GC heap after
Heap after GC invocations=10 (full 1):
 PSYoungGen      total 174080K, used 10213K [0x000000076b100000, 0x0000000779a00000, 0x00000007c0000000)
  eden space 163840K, 0% used [0x000000076b100000,0x000000076b100000,0x0000000775100000)
  from space 10240K, 99% used [0x0000000775100000,0x0000000775af96a0,0x0000000775b00000)
  to   space 11776K, 0% used [0x0000000778e80000,0x0000000778e80000,0x0000000779a00000)
 ParOldGen       total 95232K, used 8230K [0x00000006c1200000, 0x00000006c6f00000, 0x000000076b100000)
  object space 95232K, 8% used [0x00000006c1200000,0x00000006c1a099b8,0x00000006c6f00000)
 Metaspace       used 33834K, capacity 35268K, committed 35416K, reserved 1079296K
  class space    used 4477K, capacity 4754K, committed 4864K, reserved 1048576K
}
Event: 11.541 GC heap before
{Heap before GC invocations=11 (full 2):
 PSYoungGen      total 174080K, used 10213K [0x000000076b100000, 0x0000000779a00000, 0x00000007c0000000)
  eden space 163840K, 0% used [0x000000076b100000,0x000000076b100000,0x0000000775100000)
  from space 10240K, 99% used [0x0000000775100000,0x0000000775af96a0,0x0000000775b00000)
  to   space 11776K, 0% used [0x0000000778e80000,0x0000000778e80000,0x0000000779a00000)
 ParOldGen       total 95232K, used 8230K [0x00000006c1200000, 0x00000006c6f00000, 0x000000076b100000)
  object space 95232K, 8% used [0x00000006c1200000,0x00000006c1a099b8,0x00000006c6f00000)
 Metaspace       used 33834K, capacity 35268K, committed 35416K, reserved 1079296K
  class space    used 4477K, capacity 4754K, committed 4864K, reserved 1048576K
Event: 11.610 GC heap after
Heap after GC invocations=11 (full 2):
 PSYoungGen      total 174080K, used 0K [0x000000076b100000, 0x0000000779a00000, 0x00000007c0000000)
  eden space 163840K, 0% used [0x000000076b100000,0x000000076b100000,0x0000000775100000)
  from space 10240K, 0% used [0x0000000775100000,0x0000000775100000,0x0000000775b00000)
  to   space 11776K, 0% used [0x0000000778e80000,0x0000000778e80000,0x0000000779a00000)
 ParOldGen       total 150528K, used 16122K [0x00000006c1200000, 0x00000006ca500000, 0x000000076b100000)
  object space 150528K, 10% used [0x00000006c1200000,0x00000006c21bead8,0x00000006ca500000)
 Metaspace       used 33834K, capacity 35268K, committed 35416K, reserved 1079296K
  class space    used 4477K, capacity 4754K, committed 4864K, reserved 1048576K
}
Event: 13.496 GC heap before
{Heap before GC invocations=12 (full 2):
 PSYoungGen      total 174080K, used 163840K [0x000000076b100000, 0x0000000779a00000, 0x00000007c0000000)
  eden space 163840K, 100% used [0x000000076b100000,0x0000000775100000,0x0000000775100000)
  from space 10240K, 0% used [0x0000000775100000,0x0000000775100000,0x0000000775b00000)
  to   space 11776K, 0% used [0x0000000778e80000,0x0000000778e80000,0x0000000779a00000)
 ParOldGen       total 150528K, used 16122K [0x00000006c1200000, 0x00000006ca500000, 0x000000076b100000)
  object space 150528K, 10% used [0x00000006c1200000,0x00000006c21bead8,0x00000006ca500000)
 Metaspace       used 39859K, capacity 41418K, committed 41472K, reserved 1085440K
  class space    used 5298K, capacity 5619K, committed 5632K, reserved 1048576K
Event: 13.518 GC heap after
Heap after GC invocations=12 (full 2):
 PSYoungGen      total 225792K, used 8941K [0x000000076b100000, 0x0000000779a00000, 0x00000007c0000000)
  eden space 214016K, 0% used [0x000000076b100000,0x000000076b100000,0x0000000778200000)
  from space 11776K, 75% used [0x0000000778e80000,0x000000077973b580,0x0000000779a00000)
  to   space 12288K, 0% used [0x0000000778200000,0x0000000778200000,0x0000000778e00000)
 ParOldGen       total 150528K, used 16130K [0x00000006c1200000, 0x00000006ca500000, 0x000000076b100000)
  object space 150528K, 10% used [0x00000006c1200000,0x00000006c21c0ad8,0x00000006ca500000)
 Metaspace       used 39859K, capacity 41418K, committed 41472K, reserved 1085440K
  class space    used 5298K, capacity 5619K, committed 5632K, reserved 1048576K
}

