<?xml version="1.0" encoding="UTF-8"?>
<testsuite xmlns:xsi="http://www.w3.org/2001/XMLSchema-instance" xsi:noNamespaceSchemaLocation="https://maven.apache.org/surefire/maven-surefire-plugin/xsd/surefire-test-report.xsd" name="com.moxi.blog.elasticsearch.reposlitory.BlogRepositoryTest" time="40.422" tests="2" errors="0" skipped="0" failures="0">
  <properties>
[...]
</properties>
  <testcase name="testCreateIndex" classname="com.moxi.blog.elasticsearch.reposlitory.BlogRepositoryTest" time="0.387"/>
  <testcase name="loadData" classname="com.moxi.blog.elasticsearch.reposlitory.BlogRepositoryTest" time="3.664"/>
</testsuite>